# JRE version: OpenJDK Runtime Environment Temurin-17.0.17+10 (17.0.17+10) (build 17.0.17+10)
# Java VM: OpenJDK 64-Bit Server VM Temurin-17.0.17+10 (17.0.17+10, mixed mode, sharing, tiered, compressed oops, compressed class ptrs, g1 gc, windows-amd64)
GC Precious Log:
 CPUs: 12 total, 12 available
 Memory: 7517M
 Large Page Support: Disabled
 NUMA Support: Disabled
 Compressed Oops: Enabled (32-bit)
 Heap Region Size: 1M
 Heap Min Capacity: 8M
 Heap Initial Capacity: 118M
 Heap Max Capacity: 2G
 Pre-touch: Disabled
 Parallel Workers: 10
 Concurrent Workers: 3
 Concurrent Refinement Workers: 10
 Periodic GC: Disabled
Heap:
 garbage-first heap   total 370688K, used 221013K [0x0000000080000000, 0x0000000100000000)
  region size 1024K, 94 young (96256K), 3 survivors (3072K)
 Metaspace       used 115473K, committed 116160K, reserved 1179648K
  class space    used 14760K, committed 15104K, reserved 1048576K
GC Heap History (20 events):
Event: 13.801 GC heap before
{Heap before GC invocations=21 (full 0):
 garbage-first heap   total 185344K, used 153072K [0x0000000080000000, 0x0000000100000000)
  region size 1024K, 81 young (82944K), 4 survivors (4096K)
 Metaspace       used 68816K, committed 69504K, reserved 1114112K
  class space    used 9726K, committed 10048K, reserved 1048576K
}
Event: 13.806 GC heap after
{Heap after GC invocations=22 (full 0):
 garbage-first heap   total 185344K, used 62551K [0x0000000080000000, 0x0000000100000000)
  region size 1024K, 6 young (6144K), 6 survivors (6144K)
 Metaspace       used 68816K, committed 69504K, reserved 1114112K
  class space    used 9726K, committed 10048K, reserved 1048576K
}
Event: 13.833 GC heap before
{Heap before GC invocations=22 (full 0):
 garbage-first heap   total 185344K, used 64599K [0x0000000080000000, 0x0000000100000000)
  region size 1024K, 9 young (9216K), 6 survivors (6144K)
 Metaspace       used 69225K, committed 69888K, reserved 1114112K
  class space    used 9767K, committed 10112K, reserved 1048576K
}
Event: 13.837 GC heap after
{Heap after GC invocations=23 (full 0):
 garbage-first heap   total 185344K, used 61288K [0x0000000080000000, 0x0000000100000000)
  region size 1024K, 1 young (1024K), 1 survivors (1024K)
 Metaspace       used 69225K, committed 69888K, reserved 1114112K
  class space    used 9767K, committed 10112K, reserved 1048576K
}
Event: 14.721 GC heap before
{Heap before GC invocations=23 (full 0):
 garbage-first heap   total 185344K, used 139112K [0x0000000080000000, 0x0000000100000000)
  region size 1024K, 77 young (78848K), 1 survivors (1024K)
 Metaspace       used 79135K, committed 79872K, reserved 1179648K
  class space    used 10983K, committed 11328K, reserved 1048576K
}
Event: 14.725 GC heap after
{Heap after GC invocations=24 (full 0):
 garbage-first heap   total 185344K, used 64992K [0x0000000080000000, 0x0000000100000000)
  region size 1024K, 5 young (5120K), 5 survivors (5120K)
 Metaspace       used 79135K, committed 79872K, reserved 1179648K
  class space    used 10983K, committed 11328K, reserved 1048576K
}
Event: 14.921 GC heap before
{Heap before GC invocations=24 (full 0):
 garbage-first heap   total 185344K, used 142816K [0x0000000080000000, 0x0000000100000000)
  region size 1024K, 81 young (82944K), 5 survivors (5120K)
 Metaspace       used 79179K, committed 79936K, reserved 1179648K
  class space    used 10987K, committed 11328K, reserved 1048576K
}
Event: 14.954 GC heap after
{Heap after GC invocations=25 (full 0):
 garbage-first heap   total 185344K, used 98285K [0x0000000080000000, 0x0000000100000000)
  region size 1024K, 11 young (11264K), 11 survivors (11264K)
 Metaspace       used 79179K, committed 79936K, reserved 1179648K
  class space    used 10987K, committed 11328K, reserved 1048576K
}
Event: 15.590 GC heap before
{Heap before GC invocations=25 (full 0):
 garbage-first heap   total 185344K, used 138221K [0x0000000080000000, 0x0000000100000000)
  region size 1024K, 50 young (51200K), 11 survivors (11264K)
 Metaspace       used 83145K, committed 83776K, reserved 1179648K
  class space    used 11403K, committed 11712K, reserved 1048576K
}
Event: 15.604 GC heap after
{Heap after GC invocations=26 (full 0):
 garbage-first heap   total 185344K, used 103521K [0x0000000080000000, 0x0000000100000000)
  region size 1024K, 4 young (4096K), 4 survivors (4096K)
 Metaspace       used 83145K, committed 83776K, reserved 1179648K
  class space    used 11403K, committed 11712K, reserved 1048576K
}
Event: 15.911 GC heap before
{Heap before GC invocations=27 (full 0):
 garbage-first heap   total 185344K, used 142433K [0x0000000080000000, 0x0000000100000000)
  region size 1024K, 42 young (43008K), 4 survivors (4096K)
 Metaspace       used 86477K, committed 87232K, reserved 1179648K
  class space    used 11807K, committed 12160K, reserved 1048576K
}
Event: 15.916 GC heap after
{Heap after GC invocations=28 (full 0):
 garbage-first heap   total 185344K, used 108807K [0x0000000080000000, 0x0000000100000000)
  region size 1024K, 6 young (6144K), 6 survivors (6144K)
 Metaspace       used 86477K, committed 87232K, reserved 1179648K
  class space    used 11807K, committed 12160K, reserved 1048576K
}
Event: 15.944 GC heap before
{Heap before GC invocations=28 (full 0):
 garbage-first heap   total 185344K, used 111879K [0x0000000080000000, 0x0000000100000000)
  region size 1024K, 9 young (9216K), 6 survivors (6144K)
 Metaspace       used 86829K, committed 87552K, reserved 1179648K
  class space    used 11835K, committed 12160K, reserved 1048576K
}
Event: 15.948 GC heap after
{Heap after GC invocations=29 (full 0):
 garbage-first heap   total 185344K, used 108468K [0x0000000080000000, 0x0000000100000000)
  region size 1024K, 1 young (1024K), 1 survivors (1024K)
 Metaspace       used 86829K, committed 87552K, reserved 1179648K
  class space    used 11835K, committed 12160K, reserved 1048576K
}
Event: 16.237 GC heap before
{Heap before GC invocations=29 (full 0):
 garbage-first heap   total 185344K, used 145332K [0x0000000080000000, 0x0000000100000000)
  region size 1024K, 38 young (38912K), 1 survivors (1024K)
 Metaspace       used 91496K, committed 92224K, reserved 1179648K
  class space    used 12231K, committed 12544K, reserved 1048576K
}
Event: 16.241 GC heap after
{Heap after GC invocations=30 (full 0):
 garbage-first heap   total 370688K, used 108370K [0x0000000080000000, 0x0000000100000000)
  region size 1024K, 1 young (1024K), 1 survivors (1024K)
 Metaspace       used 91496K, committed 92224K, reserved 1179648K
  class space    used 12231K, committed 12544K, reserved 1048576K
}
Event: 17.774 GC heap before
{Heap before GC invocations=31 (full 0):
 garbage-first heap   total 370688K, used 264018K [0x0000000080000000, 0x0000000100000000)
  region size 1024K, 152 young (155648K), 1 survivors (1024K)
 Metaspace       used 104871K, committed 105600K, reserved 1179648K
  class space    used 13734K, committed 14080K, reserved 1048576K
}
Event: 17.794 GC heap after
{Heap after GC invocations=32 (full 0):
 garbage-first heap   total 370688K, used 129748K [0x0000000080000000, 0x0000000100000000)
  region size 1024K, 19 young (19456K), 19 survivors (19456K)
 Metaspace       used 104871K, committed 105600K, reserved 1179648K
  class space    used 13734K, committed 14080K, reserved 1048576K
}
Event: 17.814 GC heap before
{Heap before GC invocations=32 (full 0):
 garbage-first heap   total 370688K, used 129748K [0x0000000080000000, 0x0000000100000000)
  region size 1024K, 20 young (20480K), 19 survivors (19456K)
 Metaspace       used 104938K, committed 105664K, reserved 1179648K
  class space    used 13738K, committed 14080K, reserved 1048576K
}
Event: 17.827 GC heap after
{Heap after GC invocations=33 (full 0):
 garbage-first heap   total 370688K, used 129877K [0x0000000080000000, 0x0000000100000000)
  region size 1024K, 3 young (3072K), 3 survivors (3072K)
 Metaspace       used 104938K, committed 105664K, reserved 1179648K
  class space    used 13738K, committed 14080K, reserved 1048576K
}

