# JRE version: OpenJDK Runtime Environment Temurin-17.0.17+10 (17.0.17+10) (build 17.0.17+10)
# Java VM: OpenJDK 64-Bit Server VM Temurin-17.0.17+10 (17.0.17+10, mixed mode, sharing, tiered, compressed oops, compressed class ptrs, g1 gc, windows-amd64)
GC Precious Log:
 CPUs: 12 total, 12 available
 Memory: 7517M
 Large Page Support: Disabled
 NUMA Support: Disabled
 Compressed Oops: Enabled (32-bit)
 Heap Region Size: 1M
 Heap Min Capacity: 8M
 Heap Initial Capacity: 118M
 Heap Max Capacity: 1880M
 Pre-touch: Disabled
 Parallel Workers: 10
 Concurrent Workers: 3
 Concurrent Refinement Workers: 10
 Periodic GC: Disabled
Heap:
 garbage-first heap   total 152576K, used 104909K [0x000000008a800000, 0x0000000100000000)
  region size 1024K, 22 young (22528K), 5 survivors (5120K)
 Metaspace       used 48457K, committed 48768K, reserved 1114112K
  class space    used 5477K, committed 5632K, reserved 1048576K
GC Heap History (20 events):
Event: 5.242 GC heap before
{Heap before GC invocations=2 (full 0):
 garbage-first heap   total 120832K, used 51000K [0x000000008a800000, 0x0000000100000000)
  region size 1024K, 43 young (44032K), 2 survivors (2048K)
 Metaspace       used 21304K, committed 21504K, reserved 1114112K
  class space    used 2837K, committed 2944K, reserved 1048576K
}
Event: 5.281 GC heap after
{Heap after GC invocations=3 (full 0):
 garbage-first heap   total 120832K, used 19229K [0x000000008a800000, 0x0000000100000000)
  region size 1024K, 9 young (9216K), 9 survivors (9216K)
 Metaspace       used 21304K, committed 21504K, reserved 1114112K
  class space    used 2837K, committed 2944K, reserved 1048576K
}
Event: 6.730 GC heap before
{Heap before GC invocations=4 (full 0):
 garbage-first heap   total 68608K, used 50973K [0x000000008a800000, 0x0000000100000000)
  region size 1024K, 40 young (40960K), 9 survivors (9216K)
 Metaspace       used 27165K, committed 27328K, reserved 1114112K
  class space    used 3387K, committed 3456K, reserved 1048576K
}
Event: 6.764 GC heap after
{Heap after GC invocations=5 (full 0):
 garbage-first heap   total 68608K, used 21042K [0x000000008a800000, 0x0000000100000000)
  region size 1024K, 4 young (4096K), 4 survivors (4096K)
 Metaspace       used 27165K, committed 27328K, reserved 1114112K
  class space    used 3387K, committed 3456K, reserved 1048576K
}
Event: 6.770 GC heap before
{Heap before GC invocations=5 (full 0):
 garbage-first heap   total 68608K, used 22066K [0x000000008a800000, 0x0000000100000000)
  region size 1024K, 5 young (5120K), 4 survivors (4096K)
 Metaspace       used 27173K, committed 27328K, reserved 1114112K
  class space    used 3387K, committed 3456K, reserved 1048576K
}
Event: 6.780 GC heap after
{Heap after GC invocations=6 (full 0):
 garbage-first heap   total 68608K, used 21887K [0x000000008a800000, 0x0000000100000000)
  region size 1024K, 1 young (1024K), 1 survivors (1024K)
 Metaspace       used 27173K, committed 27328K, reserved 1114112K
  class space    used 3387K, committed 3456K, reserved 1048576K
}
Event: 7.940 GC heap before
{Heap before GC invocations=6 (full 0):
 garbage-first heap   total 68608K, used 49535K [0x000000008a800000, 0x0000000100000000)
  region size 1024K, 28 young (28672K), 1 survivors (1024K)
 Metaspace       used 30628K, committed 30848K, reserved 1114112K
  class space    used 3716K, committed 3776K, reserved 1048576K
}
Event: 7.966 GC heap after
{Heap after GC invocations=7 (full 0):
 garbage-first heap   total 68608K, used 28132K [0x000000008a800000, 0x0000000100000000)
  region size 1024K, 4 young (4096K), 4 survivors (4096K)
 Metaspace       used 30628K, committed 30848K, reserved 1114112K
  class space    used 3716K, committed 3776K, reserved 1048576K
}
Event: 8.598 GC heap before
{Heap before GC invocations=7 (full 0):
 garbage-first heap   total 68608K, used 49636K [0x000000008a800000, 0x0000000100000000)
  region size 1024K, 25 young (25600K), 4 survivors (4096K)
 Metaspace       used 31580K, committed 31744K, reserved 1114112K
  class space    used 3819K, committed 3904K, reserved 1048576K
}
Event: 8.622 GC heap after
{Heap after GC invocations=8 (full 0):
 garbage-first heap   total 160768K, used 34765K [0x000000008a800000, 0x0000000100000000)
  region size 1024K, 4 young (4096K), 4 survivors (4096K)
 Metaspace       used 31580K, committed 31744K, reserved 1114112K
  class space    used 3819K, committed 3904K, reserved 1048576K
}
Event: 10.866 GC heap before
{Heap before GC invocations=8 (full 0):
 garbage-first heap   total 160768K, used 91085K [0x000000008a800000, 0x0000000100000000)
  region size 1024K, 57 young (58368K), 4 survivors (4096K)
 Metaspace       used 35712K, committed 35968K, reserved 1114112K
  class space    used 4267K, committed 4416K, reserved 1048576K
}
Event: 10.882 GC heap after
{Heap after GC invocations=9 (full 0):
 garbage-first heap   total 160768K, used 41171K [0x000000008a800000, 0x0000000100000000)
  region size 1024K, 9 young (9216K), 9 survivors (9216K)
 Metaspace       used 35712K, committed 35968K, reserved 1114112K
  class space    used 4267K, committed 4416K, reserved 1048576K
}
Event: 19.284 GC heap before
{Heap before GC invocations=10 (full 0):
 garbage-first heap   total 143360K, used 115923K [0x000000008a800000, 0x0000000100000000)
  region size 1024K, 80 young (81920K), 9 survivors (9216K)
 Metaspace       used 44431K, committed 44736K, reserved 1114112K
  class space    used 5203K, committed 5376K, reserved 1048576K
}
Event: 19.331 GC heap after
{Heap after GC invocations=11 (full 0):
 garbage-first heap   total 143360K, used 57097K [0x000000008a800000, 0x0000000100000000)
  region size 1024K, 10 young (10240K), 10 survivors (10240K)
 Metaspace       used 44431K, committed 44736K, reserved 1114112K
  class space    used 5203K, committed 5376K, reserved 1048576K
}
Event: 21.855 GC heap before
{Heap before GC invocations=11 (full 0):
 garbage-first heap   total 143360K, used 104201K [0x000000008a800000, 0x0000000100000000)
  region size 1024K, 56 young (57344K), 10 survivors (10240K)
 Metaspace       used 46474K, committed 46848K, reserved 1114112K
  class space    used 5318K, committed 5504K, reserved 1048576K
}
Event: 21.908 GC heap after
{Heap after GC invocations=12 (full 0):
 garbage-first heap   total 143360K, used 68557K [0x000000008a800000, 0x0000000100000000)
  region size 1024K, 7 young (7168K), 7 survivors (7168K)
 Metaspace       used 46474K, committed 46848K, reserved 1114112K
  class space    used 5318K, committed 5504K, reserved 1048576K
}
Event: 24.492 GC heap before
{Heap before GC invocations=12 (full 0):
 garbage-first heap   total 143360K, used 106445K [0x000000008a800000, 0x0000000100000000)
  region size 1024K, 44 young (45056K), 7 survivors (7168K)
 Metaspace       used 47074K, committed 47424K, reserved 1114112K
  class space    used 5330K, committed 5504K, reserved 1048576K
}
Event: 24.539 GC heap after
{Heap after GC invocations=13 (full 0):
 garbage-first heap   total 143360K, used 79821K [0x000000008a800000, 0x0000000100000000)
  region size 1024K, 6 young (6144K), 6 survivors (6144K)
 Metaspace       used 47074K, committed 47424K, reserved 1114112K
  class space    used 5330K, committed 5504K, reserved 1048576K
}
Event: 25.781 GC heap before
{Heap before GC invocations=13 (full 0):
 garbage-first heap   total 143360K, used 109517K [0x000000008a800000, 0x0000000100000000)
  region size 1024K, 35 young (35840K), 6 survivors (6144K)
 Metaspace       used 47554K, committed 47808K, reserved 1114112K
  class space    used 5355K, committed 5504K, reserved 1048576K
}
Event: 25.815 GC heap after
{Heap after GC invocations=14 (full 0):
 garbage-first heap   total 143360K, used 88525K [0x000000008a800000, 0x0000000100000000)
  region size 1024K, 5 young (5120K), 5 survivors (5120K)
 Metaspace       used 47554K, committed 47808K, reserved 1114112K
  class space    used 5355K, committed 5504K, reserved 1048576K
}

