# JRE version: OpenJDK Runtime Environment Temurin-17.0.17+10 (17.0.17+10) (build 17.0.17+10)
# Java VM: OpenJDK 64-Bit Server VM Temurin-17.0.17+10 (17.0.17+10, mixed mode, sharing, tiered, compressed oops, compressed class ptrs, g1 gc, windows-amd64)
GC Precious Log:
 CPUs: 12 total, 12 available
 Memory: 7517M
 Large Page Support: Disabled
 NUMA Support: Disabled
 Compressed Oops: Enabled (32-bit)
 Heap Region Size: 1M
 Heap Min Capacity: 8M
 Heap Initial Capacity: 118M
 Heap Max Capacity: 2G
 Pre-touch: Disabled
 Parallel Workers: 10
 Concurrent Workers: 3
 Concurrent Refinement Workers: 10
 Periodic GC: Disabled
Heap:
 garbage-first heap   total 288768K, used 167199K [0x0000000080000000, 0x0000000100000000)
  region size 1024K, 36 young (36864K), 14 survivors (14336K)
 Metaspace       used 128889K, committed 129792K, reserved 1179648K
  class space    used 16463K, committed 16896K, reserved 1048576K
GC Heap History (20 events):
Event: 36.150 GC heap before
{Heap before GC invocations=30 (full 0):
 garbage-first heap   total 174080K, used 149080K [0x0000000080000000, 0x0000000100000000)
  region size 1024K, 41 young (41984K), 4 survivors (4096K)
 Metaspace       used 85845K, committed 86528K, reserved 1179648K
  class space    used 11835K, committed 12096K, reserved 1048576K
}
Event: 36.160 GC heap after
{Heap after GC invocations=31 (full 0):
 garbage-first heap   total 174080K, used 114865K [0x0000000080000000, 0x0000000100000000)
  region size 1024K, 6 young (6144K), 6 survivors (6144K)
 Metaspace       used 85845K, committed 86528K, reserved 1179648K
  class space    used 11835K, committed 12096K, reserved 1048576K
}
Event: 36.282 GC heap before
{Heap before GC invocations=31 (full 0):
 garbage-first heap   total 174080K, used 116913K [0x0000000080000000, 0x0000000100000000)
  region size 1024K, 8 young (8192K), 6 survivors (6144K)
 Metaspace       used 86059K, committed 86784K, reserved 1179648K
  class space    used 11855K, committed 12160K, reserved 1048576K
}
Event: 36.289 GC heap after
{Heap after GC invocations=32 (full 0):
 garbage-first heap   total 174080K, used 113441K [0x0000000080000000, 0x0000000100000000)
  region size 1024K, 1 young (1024K), 1 survivors (1024K)
 Metaspace       used 86059K, committed 86784K, reserved 1179648K
  class space    used 11855K, committed 12160K, reserved 1048576K
}
Event: 37.191 GC heap before
{Heap before GC invocations=32 (full 0):
 garbage-first heap   total 174080K, used 142113K [0x0000000080000000, 0x0000000100000000)
  region size 1024K, 29 young (29696K), 1 survivors (1024K)
 Metaspace       used 89528K, committed 90176K, reserved 1179648K
  class space    used 12149K, committed 12416K, reserved 1048576K
}
Event: 37.195 GC heap after
{Heap after GC invocations=33 (full 0):
 garbage-first heap   total 174080K, used 114424K [0x0000000080000000, 0x0000000100000000)
  region size 1024K, 2 young (2048K), 2 survivors (2048K)
 Metaspace       used 89528K, committed 90176K, reserved 1179648K
  class space    used 12149K, committed 12416K, reserved 1048576K
}
Event: 38.483 GC heap before
{Heap before GC invocations=34 (full 0):
 garbage-first heap   total 196608K, used 143096K [0x0000000080000000, 0x0000000100000000)
  region size 1024K, 30 young (30720K), 2 survivors (2048K)
 Metaspace       used 92792K, committed 93568K, reserved 1179648K
  class space    used 12559K, committed 12928K, reserved 1048576K
}
Event: 38.491 GC heap after
{Heap after GC invocations=35 (full 0):
 garbage-first heap   total 196608K, used 116378K [0x0000000080000000, 0x0000000100000000)
  region size 1024K, 4 young (4096K), 4 survivors (4096K)
 Metaspace       used 92792K, committed 93568K, reserved 1179648K
  class space    used 12559K, committed 12928K, reserved 1048576K
}
Event: 38.809 GC heap before
{Heap before GC invocations=35 (full 0):
 garbage-first heap   total 196608K, used 121498K [0x0000000080000000, 0x0000000100000000)
  region size 1024K, 9 young (9216K), 4 survivors (4096K)
 Metaspace       used 93192K, committed 93952K, reserved 1179648K
  class space    used 12613K, committed 12992K, reserved 1048576K
}
Event: 38.836 GC heap after
{Heap after GC invocations=36 (full 0):
 garbage-first heap   total 196608K, used 115562K [0x0000000080000000, 0x0000000100000000)
  region size 1024K, 1 young (1024K), 1 survivors (1024K)
 Metaspace       used 93192K, committed 93952K, reserved 1179648K
  class space    used 12613K, committed 12992K, reserved 1048576K
}
Event: 39.852 GC heap before
{Heap before GC invocations=36 (full 0):
 garbage-first heap   total 196608K, used 160618K [0x0000000080000000, 0x0000000100000000)
  region size 1024K, 44 young (45056K), 1 survivors (1024K)
 Metaspace       used 96795K, committed 97536K, reserved 1179648K
  class space    used 13078K, committed 13440K, reserved 1048576K
}
Event: 39.857 GC heap after
{Heap after GC invocations=37 (full 0):
 garbage-first heap   total 288768K, used 117759K [0x0000000080000000, 0x0000000100000000)
  region size 1024K, 3 young (3072K), 3 survivors (3072K)
 Metaspace       used 96795K, committed 97536K, reserved 1179648K
  class space    used 13078K, committed 13440K, reserved 1048576K
}
Event: 46.613 GC heap before
{Heap before GC invocations=38 (full 0):
 garbage-first heap   total 288768K, used 225279K [0x0000000080000000, 0x0000000100000000)
  region size 1024K, 108 young (110592K), 3 survivors (3072K)
 Metaspace       used 105533K, committed 106304K, reserved 1179648K
  class space    used 14041K, committed 14400K, reserved 1048576K
}
Event: 46.630 GC heap after
{Heap after GC invocations=39 (full 0):
 garbage-first heap   total 288768K, used 125027K [0x0000000080000000, 0x0000000100000000)
  region size 1024K, 11 young (11264K), 11 survivors (11264K)
 Metaspace       used 105533K, committed 106304K, reserved 1179648K
  class space    used 14041K, committed 14400K, reserved 1048576K
}
Event: 46.882 GC heap before
{Heap before GC invocations=39 (full 0):
 garbage-first heap   total 288768K, used 128099K [0x0000000080000000, 0x0000000100000000)
  region size 1024K, 14 young (14336K), 11 survivors (11264K)
 Metaspace       used 105848K, committed 106560K, reserved 1179648K
  class space    used 14081K, committed 14400K, reserved 1048576K
}
Event: 46.897 GC heap after
{Heap after GC invocations=40 (full 0):
 garbage-first heap   total 288768K, used 125103K [0x0000000080000000, 0x0000000100000000)
  region size 1024K, 2 young (2048K), 2 survivors (2048K)
 Metaspace       used 105848K, committed 106560K, reserved 1179648K
  class space    used 14081K, committed 14400K, reserved 1048576K
}
Event: 49.945 GC heap before
{Heap before GC invocations=40 (full 0):
 garbage-first heap   total 288768K, used 225455K [0x0000000080000000, 0x0000000100000000)
  region size 1024K, 100 young (102400K), 2 survivors (2048K)
 Metaspace       used 119775K, committed 120576K, reserved 1179648K
  class space    used 15457K, committed 15808K, reserved 1048576K
}
Event: 49.952 GC heap after
{Heap after GC invocations=41 (full 0):
 garbage-first heap   total 288768K, used 128166K [0x0000000080000000, 0x0000000100000000)
  region size 1024K, 5 young (5120K), 5 survivors (5120K)
 Metaspace       used 119775K, committed 120576K, reserved 1179648K
  class space    used 15457K, committed 15808K, reserved 1048576K
}
Event: 54.852 GC heap before
{Heap before GC invocations=41 (full 0):
 garbage-first heap   total 288768K, used 237734K [0x0000000080000000, 0x0000000100000000)
  region size 1024K, 105 young (107520K), 5 survivors (5120K)
 Metaspace       used 126923K, committed 127744K, reserved 1179648K
  class space    used 16201K, committed 16576K, reserved 1048576K
}
Event: 54.861 GC heap after
{Heap after GC invocations=42 (full 0):
 garbage-first heap   total 288768K, used 145695K [0x0000000080000000, 0x0000000100000000)
  region size 1024K, 14 young (14336K), 14 survivors (14336K)
 Metaspace       used 126923K, committed 127744K, reserved 1179648K
  class space    used 16201K, committed 16576K, reserved 1048576K
}

